<?xml version="1.0" encoding="UTF-8"?>
<!-- Generated by org.testng.reporters.JUnitReportReporter -->
<testsuite hostname="DESKTOP-O0KTUNL" failures="0" tests="1" name="script.Test2" time="11.572" errors="0" timestamp="18 Aug 2021 15:20:40 GMT" skipped="0">
  <testcase classname="script.Test2" name="testB" time="11.572"/>
</testsuite> <!-- script.Test2 -->
